Performing C SOURCE FILE Test CMAKE_HAVE_LIBC_PTHREAD failed with the following output:
Change Dir: /home/wanghao/C++/DLsys/my/hw4/build/CMakeFiles/CMakeTmp

Run Build Command(s):/usr/bin/make -f Makefile cmTC_f420f/fast && make[1]: Entering directory '/home/wanghao/C++/DLsys/my/hw4/build/CMakeFiles/CMakeTmp'
/usr/bin/make  -f CMakeFiles/cmTC_f420f.dir/build.make CMakeFiles/cmTC_f420f.dir/build
make[2]: Entering directory '/home/wanghao/C++/DLsys/my/hw4/build/CMakeFiles/CMakeTmp'
Building C object CMakeFiles/cmTC_f420f.dir/src.c.o
/usr/bin/cc -DCMAKE_HAVE_LIBC_PTHREAD  -fPIC  -o CMakeFiles/cmTC_f420f.dir/src.c.o -c /home/wanghao/C++/DLsys/my/hw4/build/CMakeFiles/CMakeTmp/src.c
Linking C executable cmTC_f420f
/usr/local/bin/cmake -E cmake_link_script CMakeFiles/cmTC_f420f.dir/link.txt --verbose=1
/usr/bin/cc -fPIC  -rdynamic CMakeFiles/cmTC_f420f.dir/src.c.o -o cmTC_f420f 
CMakeFiles/cmTC_f420f.dir/src.c.o: In function `main':
src.c:(.text+0x3e): undefined reference to `pthread_create'
src.c:(.text+0x4a): undefined reference to `pthread_detach'
src.c:(.text+0x56): undefined reference to `pthread_cancel'
src.c:(.text+0x67): undefined reference to `pthread_join'
src.c:(.text+0x7b): undefined reference to `pthread_atfork'
collect2: error: ld returned 1 exit status
CMakeFiles/cmTC_f420f.dir/build.make:98: recipe for target 'cmTC_f420f' failed
make[2]: *** [cmTC_f420f] Error 1
make[2]: Leaving directory '/home/wanghao/C++/DLsys/my/hw4/build/CMakeFiles/CMakeTmp'
Makefile:127: recipe for target 'cmTC_f420f/fast' failed
make[1]: *** [cmTC_f420f/fast] Error 2
make[1]: Leaving directory '/home/wanghao/C++/DLsys/my/hw4/build/CMakeFiles/CMakeTmp'


Source file was:
#include <pthread.h>

static void* test_func(void* data)
{
  return data;
}

int main(void)
{
  pthread_t thread;
  pthread_create(&thread, NULL, test_func, NULL);
  pthread_detach(thread);
  pthread_cancel(thread);
  pthread_join(thread, NULL);
  pthread_atfork(NULL, NULL, NULL);
  pthread_exit(NULL);

  return 0;
}

Determining if the function pthread_create exists in the pthreads failed with the following output:
Change Dir: /home/wanghao/C++/DLsys/my/hw4/build/CMakeFiles/CMakeTmp

Run Build Command(s):/usr/bin/make -f Makefile cmTC_4f7b5/fast && make[1]: Entering directory '/home/wanghao/C++/DLsys/my/hw4/build/CMakeFiles/CMakeTmp'
/usr/bin/make  -f CMakeFiles/cmTC_4f7b5.dir/build.make CMakeFiles/cmTC_4f7b5.dir/build
make[2]: Entering directory '/home/wanghao/C++/DLsys/my/hw4/build/CMakeFiles/CMakeTmp'
Building C object CMakeFiles/cmTC_4f7b5.dir/CheckFunctionExists.c.o
/usr/bin/cc   -fPIC -DCHECK_FUNCTION_EXISTS=pthread_create -o CMakeFiles/cmTC_4f7b5.dir/CheckFunctionExists.c.o -c /usr/local/share/cmake-3.22/Modules/CheckFunctionExists.c
Linking C executable cmTC_4f7b5
/usr/local/bin/cmake -E cmake_link_script CMakeFiles/cmTC_4f7b5.dir/link.txt --verbose=1
/usr/bin/cc -fPIC -DCHECK_FUNCTION_EXISTS=pthread_create -rdynamic CMakeFiles/cmTC_4f7b5.dir/CheckFunctionExists.c.o -o cmTC_4f7b5  -lpthreads 
/usr/bin/ld: cannot find -lpthreads
collect2: error: ld returned 1 exit status
CMakeFiles/cmTC_4f7b5.dir/build.make:98: recipe for target 'cmTC_4f7b5' failed
make[2]: *** [cmTC_4f7b5] Error 1
make[2]: Leaving directory '/home/wanghao/C++/DLsys/my/hw4/build/CMakeFiles/CMakeTmp'
Makefile:127: recipe for target 'cmTC_4f7b5/fast' failed
make[1]: *** [cmTC_4f7b5/fast] Error 2
make[1]: Leaving directory '/home/wanghao/C++/DLsys/my/hw4/build/CMakeFiles/CMakeTmp'



